[0.762s] Invoking command in '/home/ashish/ros2_ws/src/image_converter': PYTHONPATH=/home/ashish/ros2_ws/build/image_converter/prefix_override:/usr/lib/python3/dist-packages/colcon_core/task/python/colcon_distutils_commands:/home/ashish/ros2_ws/install/image_converter/lib/python3.10/site-packages:${PYTHONPATH} /usr/bin/python3 -W ignore:setup.py install is deprecated -W ignore:easy_install command is deprecated setup.py egg_info --egg-base ../../build/image_converter build --build-base /home/ashish/ros2_ws/build/image_converter/build install --record /home/ashish/ros2_ws/build/image_converter/install.log --single-version-externally-managed install_data
[1.046s] running egg_info
[1.046s] writing ../../build/image_converter/image_converter.egg-info/PKG-INFO
[1.047s] writing dependency_links to ../../build/image_converter/image_converter.egg-info/dependency_links.txt
[1.047s] writing entry points to ../../build/image_converter/image_converter.egg-info/entry_points.txt
[1.047s] writing requirements to ../../build/image_converter/image_converter.egg-info/requires.txt
[1.047s] writing top-level names to ../../build/image_converter/image_converter.egg-info/top_level.txt
[1.050s] reading manifest file '../../build/image_converter/image_converter.egg-info/SOURCES.txt'
[1.051s] writing manifest file '../../build/image_converter/image_converter.egg-info/SOURCES.txt'
[1.051s] running build
[1.051s] running build_py
[1.051s] running install
[1.052s] running install_lib
[1.054s] running install_data
[1.054s] creating /home/ashish/ros2_ws/install/image_converter/share/image_converter/launch
[1.055s] copying launch/image_conversion.launch.py -> /home/ashish/ros2_ws/install/image_converter/share/image_converter/launch
[1.055s] running install_egg_info
[1.057s] removing '/home/ashish/ros2_ws/install/image_converter/lib/python3.10/site-packages/image_converter-0.0.0-py3.10.egg-info' (and everything under it)
[1.058s] Copying ../../build/image_converter/image_converter.egg-info to /home/ashish/ros2_ws/install/image_converter/lib/python3.10/site-packages/image_converter-0.0.0-py3.10.egg-info
[1.059s] running install_scripts
[1.082s] writing list of installed files to '/home/ashish/ros2_ws/build/image_converter/install.log'
[1.112s] Invoked command in '/home/ashish/ros2_ws/src/image_converter' returned '0': PYTHONPATH=/home/ashish/ros2_ws/build/image_converter/prefix_override:/usr/lib/python3/dist-packages/colcon_core/task/python/colcon_distutils_commands:/home/ashish/ros2_ws/install/image_converter/lib/python3.10/site-packages:${PYTHONPATH} /usr/bin/python3 -W ignore:setup.py install is deprecated -W ignore:easy_install command is deprecated setup.py egg_info --egg-base ../../build/image_converter build --build-base /home/ashish/ros2_ws/build/image_converter/build install --record /home/ashish/ros2_ws/build/image_converter/install.log --single-version-externally-managed install_data
