running egg_info
writing ../../build/image_converter/image_converter.egg-info/PKG-INFO
writing dependency_links to ../../build/image_converter/image_converter.egg-info/dependency_links.txt
writing entry points to ../../build/image_converter/image_converter.egg-info/entry_points.txt
writing requirements to ../../build/image_converter/image_converter.egg-info/requires.txt
writing top-level names to ../../build/image_converter/image_converter.egg-info/top_level.txt
reading manifest file '../../build/image_converter/image_converter.egg-info/SOURCES.txt'
writing manifest file '../../build/image_converter/image_converter.egg-info/SOURCES.txt'
running build
running build_py
copying image_converter/image_conversion_node.py -> /home/ashish/ros2_ws/build/image_converter/build/lib/image_converter
running install
running install_lib
copying /home/ashish/ros2_ws/build/image_converter/build/lib/image_converter/image_conversion_node.py -> /home/ashish/ros2_ws/install/image_converter/lib/python3.10/site-packages/image_converter
byte-compiling /home/ashish/ros2_ws/install/image_converter/lib/python3.10/site-packages/image_converter/image_conversion_node.py to image_conversion_node.cpython-310.pyc
running install_data
copying launch/image_conversion.launch.py -> /home/ashish/ros2_ws/install/image_converter/share/image_converter/launch
running install_egg_info
removing '/home/ashish/ros2_ws/install/image_converter/lib/python3.10/site-packages/image_converter-0.0.0-py3.10.egg-info' (and everything under it)
Copying ../../build/image_converter/image_converter.egg-info to /home/ashish/ros2_ws/install/image_converter/lib/python3.10/site-packages/image_converter-0.0.0-py3.10.egg-info
running install_scripts
Installing image_conversion_node script to /home/ashish/ros2_ws/install/image_converter/lib/image_converter
writing list of installed files to '/home/ashish/ros2_ws/build/image_converter/install.log'
