[2.565s] Invoking command in '/home/ashish/ros2_ws/src/image_converter': PYTHONPATH=/home/ashish/ros2_ws/build/image_converter/prefix_override:/usr/lib/python3/dist-packages/colcon_core/task/python/colcon_distutils_commands:/home/ashish/ros2_ws/install/image_converter/lib/python3.10/site-packages:${PYTHONPATH} /usr/bin/python3 -W ignore:setup.py install is deprecated -W ignore:easy_install command is deprecated setup.py egg_info --egg-base ../../build/image_converter build --build-base /home/ashish/ros2_ws/build/image_converter/build install --record /home/ashish/ros2_ws/build/image_converter/install.log --single-version-externally-managed install_data
[3.606s] running egg_info
[3.609s] writing ../../build/image_converter/image_converter.egg-info/PKG-INFO
[3.610s] writing dependency_links to ../../build/image_converter/image_converter.egg-info/dependency_links.txt
[3.611s] writing entry points to ../../build/image_converter/image_converter.egg-info/entry_points.txt
[3.611s] writing requirements to ../../build/image_converter/image_converter.egg-info/requires.txt
[3.612s] writing top-level names to ../../build/image_converter/image_converter.egg-info/top_level.txt
[3.618s] reading manifest file '../../build/image_converter/image_converter.egg-info/SOURCES.txt'
[3.659s] writing manifest file '../../build/image_converter/image_converter.egg-info/SOURCES.txt'
[3.659s] running build
[3.660s] running build_py
[3.660s] copying image_converter/image_conversion_node.py -> /home/ashish/ros2_ws/build/image_converter/build/lib/image_converter
[3.661s] running install
[3.662s] running install_lib
[3.665s] copying /home/ashish/ros2_ws/build/image_converter/build/lib/image_converter/image_conversion_node.py -> /home/ashish/ros2_ws/install/image_converter/lib/python3.10/site-packages/image_converter
[3.667s] byte-compiling /home/ashish/ros2_ws/install/image_converter/lib/python3.10/site-packages/image_converter/image_conversion_node.py to image_conversion_node.cpython-310.pyc
[3.669s] running install_data
[3.670s] running install_egg_info
[3.678s] removing '/home/ashish/ros2_ws/install/image_converter/lib/python3.10/site-packages/image_converter-0.0.0-py3.10.egg-info' (and everything under it)
[3.679s] Copying ../../build/image_converter/image_converter.egg-info to /home/ashish/ros2_ws/install/image_converter/lib/python3.10/site-packages/image_converter-0.0.0-py3.10.egg-info
[3.682s] running install_scripts
[3.769s] Installing image_conversion_node script to /home/ashish/ros2_ws/install/image_converter/lib/image_converter
[3.770s] writing list of installed files to '/home/ashish/ros2_ws/build/image_converter/install.log'
[3.854s] Invoked command in '/home/ashish/ros2_ws/src/image_converter' returned '0': PYTHONPATH=/home/ashish/ros2_ws/build/image_converter/prefix_override:/usr/lib/python3/dist-packages/colcon_core/task/python/colcon_distutils_commands:/home/ashish/ros2_ws/install/image_converter/lib/python3.10/site-packages:${PYTHONPATH} /usr/bin/python3 -W ignore:setup.py install is deprecated -W ignore:easy_install command is deprecated setup.py egg_info --egg-base ../../build/image_converter build --build-base /home/ashish/ros2_ws/build/image_converter/build install --record /home/ashish/ros2_ws/build/image_converter/install.log --single-version-externally-managed install_data
